Open5GS daemon v2.6.4-22-g93bcd7f

06/21 12:58:20.143: [app] INFO: Configuration: '/open5gs/install/etc/open5gs/amf.yaml' (../lib/app/ogs-init.c:126)
06/21 12:58:20.143: [app] INFO: File Logging: '/open5gs/install/var/log/open5gs/amf.log' (../lib/app/ogs-init.c:129)
06/21 12:58:20.152: [metrics] INFO: metrics_server() [http://10.22.0.10]:9091 (../lib/metrics/prometheus/context.c:299)
06/21 12:58:20.153: [sbi] INFO: NF Service [namf-comm] (../lib/sbi/context.c:1438)
06/21 12:58:20.153: [sbi] INFO: nghttp2_server() [http://10.22.0.10]:7777 (../lib/sbi/nghttp2-server.c:395)
06/21 12:58:20.153: [amf] INFO: ngap_server() [10.22.0.10]:38412 (../src/amf/ngap-sctp.c:61)
06/21 12:58:20.153: [sctp] INFO: AMF initialize...done (../src/amf/app.c:33)
06/21 12:58:20.156: [sbi] INFO: [9fbf4afe-0ff8-41ee-bc3a-c58779969b3e] NF registered [Heartbeat:10s] (../lib/sbi/nf-sm.c:214)
06/21 12:58:20.160: [sbi] INFO: [9fc0f188-0ff8-41ee-9ae2-4597cb43d23a] Subscription created until 2023-06-22T12:58:20.159330+07:00 [duration:86400,validity:86399.998691,patch:43199.999345] (../lib/sbi/nnrf-handler.c:509)
06/21 12:58:20.163: [sbi] INFO: [9fc10402-0ff8-41ee-9ae2-4597cb43d23a] Subscription created until 2023-06-22T12:58:20.159707+07:00 [duration:86400,validity:86399.996421,patch:43199.998210] (../lib/sbi/nnrf-handler.c:509)
06/21 12:58:20.163: [sbi] INFO: [9fc10a6a-0ff8-41ee-9ae2-4597cb43d23a] Subscription created until 2023-06-22T12:58:20.159870+07:00 [duration:86400,validity:86399.996434,patch:43199.998217] (../lib/sbi/nnrf-handler.c:509)
06/21 12:58:20.163: [sbi] INFO: [9fc11c8a-0ff8-41ee-9ae2-4597cb43d23a] Subscription created until 2023-06-22T12:58:20.160333+07:00 [duration:86400,validity:86399.996636,patch:43199.998318] (../lib/sbi/nnrf-handler.c:509)
06/21 12:58:20.163: [sbi] INFO: [9fc12112-0ff8-41ee-9ae2-4597cb43d23a] Subscription created until 2023-06-22T12:58:20.160444+07:00 [duration:86400,validity:86399.996512,patch:43199.998256] (../lib/sbi/nnrf-handler.c:509)
06/21 12:58:20.164: [sbi] INFO: [9fc1673a-0ff8-41ee-9ae2-4597cb43d23a] Subscription created until 2023-06-22T12:58:20.162254+07:00 [duration:86400,validity:86399.998180,patch:43199.999090] (../lib/sbi/nnrf-handler.c:509)
06/21 12:58:29.860: [sbi] INFO: [a588412a-0ff8-41ee-ba8a-dd4d62ae5355] (NRF-notify) NF registered (../lib/sbi/nnrf-handler.c:725)
06/21 12:58:29.860: [sbi] INFO: [a588412a-0ff8-41ee-ba8a-dd4d62ae5355] (NRF-notify) NF Profile updated (../lib/sbi/nnrf-handler.c:735)
06/21 13:10:51.418: [sbi] WARNING: [9f87da7e-0ff8-41ee-86d9-a70ab63dff50] (NRF-notify) Not found (../lib/sbi/nnrf-handler.c:756)
Open5GS daemon v2.6.4-22-g93bcd7f

06/21 13:11:52.672: [app] INFO: Configuration: '/open5gs/install/etc/open5gs/amf.yaml' (../lib/app/ogs-init.c:126)
06/21 13:11:52.672: [app] INFO: File Logging: '/open5gs/install/var/log/open5gs/amf.log' (../lib/app/ogs-init.c:129)
06/21 13:11:52.682: [metrics] INFO: metrics_server() [http://10.22.0.10]:9091 (../lib/metrics/prometheus/context.c:299)
06/21 13:11:52.682: [sbi] INFO: NF Service [namf-comm] (../lib/sbi/context.c:1438)
06/21 13:11:52.683: [sbi] INFO: nghttp2_server() [http://10.22.0.10]:7777 (../lib/sbi/nghttp2-server.c:395)
06/21 13:11:52.683: [amf] INFO: ngap_server() [10.22.0.10]:38412 (../src/amf/ngap-sctp.c:61)
06/21 13:11:52.683: [sctp] INFO: AMF initialize...done (../src/amf/app.c:33)
06/21 13:11:52.685: [sbi] INFO: [840d7036-0ffa-41ee-84b9-ad52cc08500c] NF registered [Heartbeat:10s] (../lib/sbi/nf-sm.c:214)
06/21 13:11:52.688: [sbi] INFO: [840eced6-0ffa-41ee-ae07-bd705b1c2915] Subscription created until 2023-06-22T13:11:52.686874+07:00 [duration:86400,validity:86399.998383,patch:43199.999191] (../lib/sbi/nnrf-handler.c:509)
06/21 13:11:52.688: [sbi] INFO: [840edc96-0ffa-41ee-ae07-bd705b1c2915] Subscription created until 2023-06-22T13:11:52.687128+07:00 [duration:86400,validity:86399.998392,patch:43199.999196] (../lib/sbi/nnrf-handler.c:509)
06/21 13:11:52.688: [sbi] INFO: [840ee8a8-0ffa-41ee-ae07-bd705b1c2915] Subscription created until 2023-06-22T13:11:52.687435+07:00 [duration:86400,validity:86399.998459,patch:43199.999229] (../lib/sbi/nnrf-handler.c:509)
06/21 13:11:52.689: [sbi] INFO: [840ef32a-0ffa-41ee-ae07-bd705b1c2915] Subscription created until 2023-06-22T13:11:52.687706+07:00 [duration:86400,validity:86399.998422,patch:43199.999211] (../lib/sbi/nnrf-handler.c:509)
06/21 13:11:52.689: [sbi] INFO: [840ef60e-0ffa-41ee-ae07-bd705b1c2915] Subscription created until 2023-06-22T13:11:52.687776+07:00 [duration:86400,validity:86399.998270,patch:43199.999135] (../lib/sbi/nnrf-handler.c:509)
06/21 13:11:52.689: [sbi] INFO: [840f093c-0ffa-41ee-ae07-bd705b1c2915] Subscription created until 2023-06-22T13:11:52.688270+07:00 [duration:86400,validity:86399.998546,patch:43199.999273] (../lib/sbi/nnrf-handler.c:509)
06/21 13:11:53.595: [sbi] INFO: [848ac40a-0ffa-41ee-bc10-b7fe83588282] (NRF-notify) NF registered (../lib/sbi/nnrf-handler.c:725)
06/21 13:11:53.595: [sbi] INFO: [848ac40a-0ffa-41ee-bc10-b7fe83588282] (NRF-notify) NF Profile updated (../lib/sbi/nnrf-handler.c:735)
06/21 13:12:02.151: [sbi] INFO: [89b22888-0ffa-41ee-8bb8-75e8bd7abf77] (NRF-notify) NF registered (../lib/sbi/nnrf-handler.c:725)
06/21 13:12:02.151: [sbi] INFO: [89b22888-0ffa-41ee-8bb8-75e8bd7abf77] (NRF-notify) NF Profile updated (../lib/sbi/nnrf-handler.c:735)
Open5GS daemon v2.6.4-22-g93bcd7f

06/21 22:15:52.279: [app] INFO: Configuration: '/open5gs/install/etc/open5gs/amf.yaml' (../lib/app/ogs-init.c:126)
06/21 22:15:52.279: [app] INFO: File Logging: '/open5gs/install/var/log/open5gs/amf.log' (../lib/app/ogs-init.c:129)
06/21 22:15:52.287: [metrics] INFO: metrics_server() [http://10.22.0.10]:9091 (../lib/metrics/prometheus/context.c:299)
06/21 22:15:52.287: [sbi] INFO: NF Service [namf-comm] (../lib/sbi/context.c:1438)
06/21 22:15:52.287: [sbi] INFO: nghttp2_server() [http://10.22.0.10]:7777 (../lib/sbi/nghttp2-server.c:395)
06/21 22:15:52.287: [amf] INFO: ngap_server() [10.22.0.10]:38412 (../src/amf/ngap-sctp.c:61)
06/21 22:15:52.288: [sctp] INFO: AMF initialize...done (../src/amf/app.c:33)
06/21 22:15:52.290: [sbi] INFO: [82c604b2-1046-41ee-b698-d1cee254c7a8] NF registered [Heartbeat:10s] (../lib/sbi/nf-sm.c:214)
06/21 22:15:52.294: [sbi] INFO: [82c77496-1046-41ee-b8c4-711092107d2e] Subscription created until 2023-06-22T22:15:52.292941+07:00 [duration:86400,validity:86399.998940,patch:43199.999470] (../lib/sbi/nnrf-handler.c:509)
06/21 22:15:52.294: [sbi] INFO: [82c77b26-1046-41ee-b8c4-711092107d2e] Subscription created until 2023-06-22T22:15:52.293054+07:00 [duration:86400,validity:86399.998472,patch:43199.999236] (../lib/sbi/nnrf-handler.c:509)
06/21 22:15:52.294: [sbi] INFO: [82c77e00-1046-41ee-b8c4-711092107d2e] Subscription created until 2023-06-22T22:15:52.293125+07:00 [duration:86400,validity:86399.998316,patch:43199.999158] (../lib/sbi/nnrf-handler.c:509)
06/21 22:15:52.295: [sbi] INFO: [82c7803a-1046-41ee-b8c4-711092107d2e] Subscription created until 2023-06-22T22:15:52.293181+07:00 [duration:86400,validity:86399.998134,patch:43199.999067] (../lib/sbi/nnrf-handler.c:509)
06/21 22:15:52.295: [sbi] INFO: [82c7822e-1046-41ee-b8c4-711092107d2e] Subscription created until 2023-06-22T22:15:52.293230+07:00 [duration:86400,validity:86399.998003,patch:43199.999001] (../lib/sbi/nnrf-handler.c:509)
06/21 22:15:52.295: [sbi] INFO: [82c7856c-1046-41ee-b8c4-711092107d2e] Subscription created until 2023-06-22T22:15:52.293318+07:00 [duration:86400,validity:86399.997873,patch:43199.998936] (../lib/sbi/nnrf-handler.c:509)
06/21 22:15:53.250: [sbi] INFO: [834a508c-1046-41ee-bbbc-f926bd257299] (NRF-notify) NF registered (../lib/sbi/nnrf-handler.c:725)
06/21 22:15:53.250: [sbi] INFO: [834a508c-1046-41ee-bbbc-f926bd257299] (NRF-notify) NF Profile updated (../lib/sbi/nnrf-handler.c:735)
06/21 22:16:01.535: [sbi] INFO: [8848df40-1046-41ee-9966-0d7dceac406c] (NRF-notify) NF registered (../lib/sbi/nnrf-handler.c:725)
06/21 22:16:01.535: [sbi] INFO: [8848df40-1046-41ee-9966-0d7dceac406c] (NRF-notify) NF Profile updated (../lib/sbi/nnrf-handler.c:735)
06/21 22:29:23.193: [sbi] WARNING: [825268d6-1046-41ee-9a5a-2b9b8caa2abc] (NRF-notify) Not found (../lib/sbi/nnrf-handler.c:756)
06/21 22:29:54.597: [sbi] INFO: [834a508c-1046-41ee-bbbc-f926bd257299:1] NF removed (../lib/sbi/nnrf-handler.c:750)
Open5GS daemon v2.6.4-22-g93bcd7f

06/21 23:14:28.513: [app] INFO: Configuration: '/open5gs/install/etc/open5gs/amf.yaml' (../lib/app/ogs-init.c:126)
06/21 23:14:28.513: [app] INFO: File Logging: '/open5gs/install/var/log/open5gs/amf.log' (../lib/app/ogs-init.c:129)
06/21 23:14:28.523: [metrics] INFO: metrics_server() [http://10.22.0.10]:9091 (../lib/metrics/prometheus/context.c:299)
06/21 23:14:28.523: [sbi] INFO: NF Service [namf-comm] (../lib/sbi/context.c:1438)
06/21 23:14:28.524: [sbi] INFO: nghttp2_server() [http://10.22.0.10]:7777 (../lib/sbi/nghttp2-server.c:395)
06/21 23:14:28.524: [amf] INFO: ngap_server() [10.22.0.10]:38412 (../src/amf/ngap-sctp.c:61)
06/21 23:14:28.524: [sctp] INFO: AMF initialize...done (../src/amf/app.c:33)
06/21 23:14:28.526: [sbi] INFO: [b29d05ca-104e-41ee-bcdb-11ce2d69f4fe] NF registered [Heartbeat:10s] (../lib/sbi/nf-sm.c:214)
06/21 23:14:28.529: [sbi] INFO: [b29e4bd8-104e-41ee-a8ad-afe6b2424a5c] Subscription created until 2023-06-22T23:14:28.527651+07:00 [duration:86400,validity:86399.998591,patch:43199.999295] (../lib/sbi/nnrf-handler.c:509)
06/21 23:14:28.529: [sbi] INFO: [b29e5556-104e-41ee-a8ad-afe6b2424a5c] Subscription created until 2023-06-22T23:14:28.527862+07:00 [duration:86400,validity:86399.998276,patch:43199.999138] (../lib/sbi/nnrf-handler.c:509)
06/21 23:14:28.529: [sbi] INFO: [b29e5fb0-104e-41ee-a8ad-afe6b2424a5c] Subscription created until 2023-06-22T23:14:28.528128+07:00 [duration:86400,validity:86399.998418,patch:43199.999209] (../lib/sbi/nnrf-handler.c:509)
06/21 23:14:28.529: [sbi] INFO: [b29e6b7c-104e-41ee-a8ad-afe6b2424a5c] Subscription created until 2023-06-22T23:14:28.528428+07:00 [duration:86400,validity:86399.998567,patch:43199.999283] (../lib/sbi/nnrf-handler.c:509)
06/21 23:14:28.530: [sbi] INFO: [b29e7694-104e-41ee-a8ad-afe6b2424a5c] Subscription created until 2023-06-22T23:14:28.528716+07:00 [duration:86400,validity:86399.998713,patch:43199.999356] (../lib/sbi/nnrf-handler.c:509)
06/21 23:14:28.530: [sbi] INFO: [b29e7c2a-104e-41ee-a8ad-afe6b2424a5c] Subscription created until 2023-06-22T23:14:28.528864+07:00 [duration:86400,validity:86399.998701,patch:43199.999350] (../lib/sbi/nnrf-handler.c:509)
06/21 23:14:29.420: [sbi] INFO: [b30fb96c-104e-41ee-a1e2-cbecd4d40b39] (NRF-notify) NF registered (../lib/sbi/nnrf-handler.c:725)
06/21 23:14:29.420: [sbi] INFO: [b30fb96c-104e-41ee-a1e2-cbecd4d40b39] (NRF-notify) NF Profile updated (../lib/sbi/nnrf-handler.c:735)
06/21 23:14:37.926: [sbi] INFO: [b8378a14-104e-41ee-bcc0-5dbd89dc3ec4] (NRF-notify) NF registered (../lib/sbi/nnrf-handler.c:725)
06/21 23:14:37.926: [sbi] INFO: [b8378a14-104e-41ee-bcc0-5dbd89dc3ec4] (NRF-notify) NF Profile updated (../lib/sbi/nnrf-handler.c:735)
