Open5GS daemon v2.6.4-22-g93bcd7f

06/21 12:58:18.179: [app] INFO: Configuration: '/open5gs/install/etc/open5gs/nrf.yaml' (../lib/app/ogs-init.c:126)
06/21 12:58:18.179: [app] INFO: File Logging: '/open5gs/install/var/log/open5gs/nrf.log' (../lib/app/ogs-init.c:129)
06/21 12:58:18.184: [sbi] INFO: nghttp2_server() [http://10.22.0.12]:7777 (../lib/sbi/nghttp2-server.c:395)
06/21 12:58:18.184: [app] INFO: NRF initialize...done (../src/nrf/app.c:31)
06/21 12:58:18.450: [nrf] INFO: [9ebbda1e-0ff8-41ee-a588-215c34bd62b0] NF registered [Heartbeat:10s] (../src/nrf/nf-sm.c:190)
06/21 12:58:18.451: [nrf] INFO: [9ebc6aba-0ff8-41ee-9ae2-4597cb43d23a] Subscription created until 2023-06-22T12:58:18.451858+07:00 [validity_duration:86400] (../src/nrf/nnrf-handler.c:334)
06/21 12:58:18.452: [nrf] INFO: [9ebc76e0-0ff8-41ee-9ae2-4597cb43d23a] Subscription created until 2023-06-22T12:58:18.452155+07:00 [validity_duration:86400] (../src/nrf/nnrf-handler.c:334)
06/21 12:58:18.452: [nrf] INFO: [9ebc7a3c-0ff8-41ee-9ae2-4597cb43d23a] Subscription created until 2023-06-22T12:58:18.452236+07:00 [validity_duration:86400] (../src/nrf/nnrf-handler.c:334)
06/21 12:58:18.452: [nrf] INFO: [9ebc87de-0ff8-41ee-9ae2-4597cb43d23a] Subscription created until 2023-06-22T12:58:18.452590+07:00 [validity_duration:86400] (../src/nrf/nnrf-handler.c:334)
06/21 12:58:18.452: [nrf] INFO: [9ebc8c3e-0ff8-41ee-9ae2-4597cb43d23a] Subscription created until 2023-06-22T12:58:18.452699+07:00 [validity_duration:86400] (../src/nrf/nnrf-handler.c:334)
06/21 12:58:18.452: [nrf] INFO: [9ebc90a8-0ff8-41ee-9ae2-4597cb43d23a] Subscription created until 2023-06-22T12:58:18.452810+07:00 [validity_duration:86400] (../src/nrf/nnrf-handler.c:334)
06/21 12:58:18.453: [nrf] INFO: [9ebca0b6-0ff8-41ee-9ae2-4597cb43d23a] Subscription created until 2023-06-22T12:58:18.453226+07:00 [validity_duration:86400] (../src/nrf/nnrf-handler.c:334)
06/21 12:58:18.453: [nrf] INFO: [9ebca48a-0ff8-41ee-9ae2-4597cb43d23a] Subscription created until 2023-06-22T12:58:18.453318+07:00 [validity_duration:86400] (../src/nrf/nnrf-handler.c:334)
06/21 12:58:18.897: [nrf] INFO: [9f0022f0-0ff8-41ee-8503-6d2568f70e67] NF registered [Heartbeat:10s] (../src/nrf/nf-sm.c:190)
06/21 12:58:18.900: [nrf] INFO: [9f00c868-0ff8-41ee-9ae2-4597cb43d23a] Subscription created until 2023-06-22T12:58:18.900007+07:00 [validity_duration:86400] (../src/nrf/nnrf-handler.c:334)
06/21 12:58:19.692: [nrf] INFO: [9f791656-0ff8-41ee-a44e-91444355cee3] NF registered [Heartbeat:10s] (../src/nrf/nf-sm.c:190)
06/21 12:58:19.695: [nrf] INFO: [9f7a26cc-0ff8-41ee-9ae2-4597cb43d23a] Subscription created until 2023-06-22T12:58:19.695329+07:00 [validity_duration:86400] (../src/nrf/nnrf-handler.c:334)
06/21 12:58:19.787: [nrf] INFO: [9f87da7e-0ff8-41ee-86d9-a70ab63dff50] NF registered [Heartbeat:10s] (../src/nrf/nf-sm.c:190)
06/21 12:58:20.155: [nrf] INFO: [9fbf4afe-0ff8-41ee-bc3a-c58779969b3e] NF registered [Heartbeat:10s] (../src/nrf/nf-sm.c:190)
06/21 12:58:20.159: [nrf] INFO: [9fc0f188-0ff8-41ee-9ae2-4597cb43d23a] Subscription created until 2023-06-22T12:58:20.159330+07:00 [validity_duration:86400] (../src/nrf/nnrf-handler.c:334)
06/21 12:58:20.159: [nrf] INFO: [9fc10402-0ff8-41ee-9ae2-4597cb43d23a] Subscription created until 2023-06-22T12:58:20.159707+07:00 [validity_duration:86400] (../src/nrf/nnrf-handler.c:334)
06/21 12:58:20.159: [nrf] INFO: [9fc10a6a-0ff8-41ee-9ae2-4597cb43d23a] Subscription created until 2023-06-22T12:58:20.159870+07:00 [validity_duration:86400] (../src/nrf/nnrf-handler.c:334)
06/21 12:58:20.160: [nrf] INFO: [9fc11c8a-0ff8-41ee-9ae2-4597cb43d23a] Subscription created until 2023-06-22T12:58:20.160333+07:00 [validity_duration:86400] (../src/nrf/nnrf-handler.c:334)
06/21 12:58:20.160: [nrf] INFO: [9fc12112-0ff8-41ee-9ae2-4597cb43d23a] Subscription created until 2023-06-22T12:58:20.160444+07:00 [validity_duration:86400] (../src/nrf/nnrf-handler.c:334)
06/21 12:58:20.162: [nrf] INFO: [9fc1673a-0ff8-41ee-9ae2-4597cb43d23a] Subscription created until 2023-06-22T12:58:20.162254+07:00 [validity_duration:86400] (../src/nrf/nnrf-handler.c:334)
06/21 12:58:29.601: [nrf] INFO: [a561597a-0ff8-41ee-be89-d714db343795] NF registered [Heartbeat:10s] (../src/nrf/nf-sm.c:190)
06/21 12:58:29.797: [nrf] INFO: [a57f0d44-0ff8-41ee-82dd-0f71816f794d] NF registered [Heartbeat:10s] (../src/nrf/nf-sm.c:190)
06/21 12:58:29.858: [nrf] INFO: [a588412a-0ff8-41ee-ba8a-dd4d62ae5355] NF registered [Heartbeat:10s] (../src/nrf/nf-sm.c:190)
06/21 12:58:29.861: [nrf] INFO: [a5896118-0ff8-41ee-9ae2-4597cb43d23a] Subscription created until 2023-06-22T12:58:29.861448+07:00 [validity_duration:86400] (../src/nrf/nnrf-handler.c:334)
06/21 12:58:29.861: [nrf] INFO: [a58971da-0ff8-41ee-9ae2-4597cb43d23a] Subscription created until 2023-06-22T12:58:29.861843+07:00 [validity_duration:86400] (../src/nrf/nnrf-handler.c:334)
06/21 13:10:51.417: [nrf] WARNING: [9f87da7e-0ff8-41ee-86d9-a70ab63dff50] No heartbeat (../src/nrf/nrf-sm.c:248)
06/21 13:10:51.417: [nrf] INFO: [9f87da7e-0ff8-41ee-86d9-a70ab63dff50] NF de-registered (../src/nrf/nf-sm.c:205)
06/21 13:10:51.419: [nrf] WARNING: Subscription notification failed [404] (../src/nrf/sbi-path.c:46)
06/21 13:11:21.275: [nrf] WARNING: [9fbf4afe-0ff8-41ee-bc3a-c58779969b3e] No heartbeat (../src/nrf/nrf-sm.c:248)
06/21 13:11:21.275: [nrf] INFO: [9fbf4afe-0ff8-41ee-bc3a-c58779969b3e] NF de-registered (../src/nrf/nf-sm.c:205)
06/21 13:11:30.598: [nrf] WARNING: [9f0022f0-0ff8-41ee-8503-6d2568f70e67] No heartbeat (../src/nrf/nrf-sm.c:248)
06/21 13:11:30.598: [nrf] INFO: [9f0022f0-0ff8-41ee-8503-6d2568f70e67] NF de-registered (../src/nrf/nf-sm.c:205)
06/21 13:11:31.047: [nrf] WARNING: [a588412a-0ff8-41ee-ba8a-dd4d62ae5355] No heartbeat (../src/nrf/nrf-sm.c:248)
06/21 13:11:31.048: [nrf] INFO: [a588412a-0ff8-41ee-ba8a-dd4d62ae5355] NF de-registered (../src/nrf/nf-sm.c:205)
06/21 13:11:31.220: [nrf] WARNING: [a561597a-0ff8-41ee-be89-d714db343795] No heartbeat (../src/nrf/nrf-sm.c:248)
06/21 13:11:31.220: [nrf] INFO: [a561597a-0ff8-41ee-be89-d714db343795] NF de-registered (../src/nrf/nf-sm.c:205)
06/21 13:11:31.362: [nrf] WARNING: [9f791656-0ff8-41ee-a44e-91444355cee3] No heartbeat (../src/nrf/nrf-sm.c:248)
06/21 13:11:31.362: [nrf] INFO: [9f791656-0ff8-41ee-a44e-91444355cee3] NF de-registered (../src/nrf/nf-sm.c:205)
06/21 13:11:31.455: [nrf] WARNING: [a57f0d44-0ff8-41ee-82dd-0f71816f794d] No heartbeat (../src/nrf/nrf-sm.c:248)
06/21 13:11:31.455: [nrf] INFO: [a57f0d44-0ff8-41ee-82dd-0f71816f794d] NF de-registered (../src/nrf/nf-sm.c:205)
Open5GS daemon v2.6.4-22-g93bcd7f

06/21 13:11:51.235: [app] INFO: Configuration: '/open5gs/install/etc/open5gs/nrf.yaml' (../lib/app/ogs-init.c:126)
06/21 13:11:51.235: [app] INFO: File Logging: '/open5gs/install/var/log/open5gs/nrf.log' (../lib/app/ogs-init.c:129)
06/21 13:11:51.242: [sbi] INFO: nghttp2_server() [http://10.22.0.12]:7777 (../lib/sbi/nghttp2-server.c:395)
06/21 13:11:51.242: [app] INFO: NRF initialize...done (../src/nrf/app.c:31)
06/21 13:11:52.037: [nrf] INFO: [83a91ab4-0ffa-41ee-9d54-6d31dac8a362] NF registered [Heartbeat:10s] (../src/nrf/nf-sm.c:190)
06/21 13:11:52.062: [nrf] INFO: [83af1662-0ffa-41ee-82fd-494ac9315c24] NF registered [Heartbeat:10s] (../src/nrf/nf-sm.c:190)
06/21 13:11:52.066: [nrf] INFO: [83b02e4e-0ffa-41ee-ae07-bd705b1c2915] Subscription created until 2023-06-22T13:11:52.066713+07:00 [validity_duration:86400] (../src/nrf/nnrf-handler.c:334)
06/21 13:11:52.129: [nrf] INFO: [83b9652c-0ffa-41ee-a4a5-93f274c3b91b] NF registered [Heartbeat:10s] (../src/nrf/nf-sm.c:190)
06/21 13:11:52.132: [nrf] INFO: [83ba3f1a-0ffa-41ee-ae07-bd705b1c2915] Subscription created until 2023-06-22T13:11:52.132630+07:00 [validity_duration:86400] (../src/nrf/nnrf-handler.c:334)
06/21 13:11:52.685: [nrf] INFO: [840d7036-0ffa-41ee-84b9-ad52cc08500c] NF registered [Heartbeat:10s] (../src/nrf/nf-sm.c:190)
06/21 13:11:52.686: [nrf] INFO: [840eced6-0ffa-41ee-ae07-bd705b1c2915] Subscription created until 2023-06-22T13:11:52.686874+07:00 [validity_duration:86400] (../src/nrf/nnrf-handler.c:334)
06/21 13:11:52.687: [nrf] INFO: [840edc96-0ffa-41ee-ae07-bd705b1c2915] Subscription created until 2023-06-22T13:11:52.687128+07:00 [validity_duration:86400] (../src/nrf/nnrf-handler.c:334)
06/21 13:11:52.687: [nrf] INFO: [840ee8a8-0ffa-41ee-ae07-bd705b1c2915] Subscription created until 2023-06-22T13:11:52.687435+07:00 [validity_duration:86400] (../src/nrf/nnrf-handler.c:334)
06/21 13:11:52.687: [nrf] INFO: [840ef32a-0ffa-41ee-ae07-bd705b1c2915] Subscription created until 2023-06-22T13:11:52.687706+07:00 [validity_duration:86400] (../src/nrf/nnrf-handler.c:334)
06/21 13:11:52.687: [nrf] INFO: [840ef60e-0ffa-41ee-ae07-bd705b1c2915] Subscription created until 2023-06-22T13:11:52.687776+07:00 [validity_duration:86400] (../src/nrf/nnrf-handler.c:334)
06/21 13:11:52.688: [nrf] INFO: [840f093c-0ffa-41ee-ae07-bd705b1c2915] Subscription created until 2023-06-22T13:11:52.688270+07:00 [validity_duration:86400] (../src/nrf/nnrf-handler.c:334)
06/21 13:11:53.593: [nrf] INFO: [848ac40a-0ffa-41ee-bc10-b7fe83588282] NF registered [Heartbeat:10s] (../src/nrf/nf-sm.c:190)
06/21 13:11:53.596: [nrf] INFO: [84998e5e-0ffa-41ee-ae07-bd705b1c2915] Subscription created until 2023-06-22T13:11:53.596169+07:00 [validity_duration:86400] (../src/nrf/nnrf-handler.c:334)
06/21 13:11:53.596: [nrf] INFO: [8499a63c-0ffa-41ee-ae07-bd705b1c2915] Subscription created until 2023-06-22T13:11:53.596688+07:00 [validity_duration:86400] (../src/nrf/nnrf-handler.c:334)
06/21 13:11:53.596: [nrf] INFO: [8499b1b8-0ffa-41ee-ae07-bd705b1c2915] Subscription created until 2023-06-22T13:11:53.596980+07:00 [validity_duration:86400] (../src/nrf/nnrf-handler.c:334)
06/21 13:12:02.150: [nrf] INFO: [89b22888-0ffa-41ee-8bb8-75e8bd7abf77] NF registered [Heartbeat:10s] (../src/nrf/nf-sm.c:190)
06/21 13:12:02.152: [nrf] INFO: [89b333c2-0ffa-41ee-ae07-bd705b1c2915] Subscription created until 2023-06-22T13:12:02.152795+07:00 [validity_duration:86400] (../src/nrf/nnrf-handler.c:334)
06/21 13:12:02.153: [nrf] INFO: [89b345b0-0ffa-41ee-ae07-bd705b1c2915] Subscription created until 2023-06-22T13:12:02.153218+07:00 [validity_duration:86400] (../src/nrf/nnrf-handler.c:334)
06/21 13:12:02.203: [nrf] INFO: [89ba478e-0ffa-41ee-a355-8b47be5287cc] NF registered [Heartbeat:10s] (../src/nrf/nf-sm.c:190)
06/21 13:12:02.221: [nrf] INFO: [832eacd4-0ffa-41ee-a01c-63e4c7f8f8e4] NF registered [Heartbeat:10s] (../src/nrf/nf-sm.c:190)
06/21 13:12:02.222: [nrf] INFO: [89bdd796-0ffa-41ee-ae07-bd705b1c2915] Subscription created until 2023-06-22T13:12:02.222496+07:00 [validity_duration:86400] (../src/nrf/nnrf-handler.c:334)
06/21 13:12:02.222: [nrf] INFO: [89bde74a-0ffa-41ee-ae07-bd705b1c2915] Subscription created until 2023-06-22T13:12:02.222893+07:00 [validity_duration:86400] (../src/nrf/nnrf-handler.c:334)
06/21 13:12:02.223: [nrf] INFO: [89bdeed4-0ffa-41ee-ae07-bd705b1c2915] Subscription created until 2023-06-22T13:12:02.223091+07:00 [validity_duration:86400] (../src/nrf/nnrf-handler.c:334)
06/21 13:12:02.223: [nrf] INFO: [89bdf672-0ffa-41ee-ae07-bd705b1c2915] Subscription created until 2023-06-22T13:12:02.223279+07:00 [validity_duration:86400] (../src/nrf/nnrf-handler.c:334)
06/21 13:12:02.223: [nrf] INFO: [89bdfe88-0ffa-41ee-ae07-bd705b1c2915] Subscription created until 2023-06-22T13:12:02.223485+07:00 [validity_duration:86400] (../src/nrf/nnrf-handler.c:334)
06/21 13:12:02.224: [nrf] INFO: [89be11a2-0ffa-41ee-ae07-bd705b1c2915] Subscription created until 2023-06-22T13:12:02.223975+07:00 [validity_duration:86400] (../src/nrf/nnrf-handler.c:334)
06/21 13:12:02.224: [nrf] INFO: [89be1a30-0ffa-41ee-ae07-bd705b1c2915] Subscription created until 2023-06-22T13:12:02.224194+07:00 [validity_duration:86400] (../src/nrf/nnrf-handler.c:334)
06/21 13:12:02.224: [nrf] INFO: [89be2016-0ffa-41ee-ae07-bd705b1c2915] Subscription created until 2023-06-22T13:12:02.224344+07:00 [validity_duration:86400] (../src/nrf/nnrf-handler.c:334)
06/21 13:12:02.375: [nrf] INFO: [89d4cda2-0ffa-41ee-bc39-3f7613e2d137] NF registered [Heartbeat:10s] (../src/nrf/nf-sm.c:190)
