Open5GS daemon v2.6.4-22-g93bcd7f

06/21 12:58:29.849: [app] INFO: Configuration: '/open5gs/install/etc/open5gs/pcf.yaml' (../lib/app/ogs-init.c:126)
06/21 12:58:29.849: [app] INFO: File Logging: '/open5gs/install/var/log/open5gs/pcf.log' (../lib/app/ogs-init.c:129)
06/21 12:58:29.854: [metrics] INFO: metrics_server() [http://10.22.0.27]:9091 (../lib/metrics/prometheus/context.c:299)
06/21 12:58:29.856: [dbi] INFO: MongoDB URI: 'mongodb://10.22.0.2/open5gs' (../lib/dbi/ogs-mongoc.c:130)
06/21 12:58:29.856: [sbi] INFO: NF Service [npcf-am-policy-control] (../lib/sbi/context.c:1438)
06/21 12:58:29.856: [sbi] INFO: NF Service [npcf-smpolicycontrol] (../lib/sbi/context.c:1438)
06/21 12:58:29.856: [sbi] INFO: NF Service [npcf-policyauthorization] (../lib/sbi/context.c:1438)
06/21 12:58:29.856: [sbi] INFO: nghttp2_server() [http://10.22.0.27]:7777 (../lib/sbi/nghttp2-server.c:395)
06/21 12:58:29.856: [app] INFO: PCF initialize...done (../src/pcf/app.c:31)
06/21 12:58:29.860: [sbi] INFO: [a588412a-0ff8-41ee-ba8a-dd4d62ae5355] NF registered [Heartbeat:10s] (../lib/sbi/nf-sm.c:214)
06/21 12:58:29.862: [sbi] INFO: [a5896118-0ff8-41ee-9ae2-4597cb43d23a] Subscription created until 2023-06-22T12:58:29.861448+07:00 [duration:86400,validity:86399.998846,patch:43199.999423] (../lib/sbi/nnrf-handler.c:509)
06/21 12:58:29.862: [sbi] INFO: [a58971da-0ff8-41ee-9ae2-4597cb43d23a] Subscription created until 2023-06-22T12:58:29.861843+07:00 [duration:86400,validity:86399.999101,patch:43199.999550] (../lib/sbi/nnrf-handler.c:509)
Open5GS daemon v2.6.4-22-g93bcd7f

06/21 13:12:02.141: [app] INFO: Configuration: '/open5gs/install/etc/open5gs/pcf.yaml' (../lib/app/ogs-init.c:126)
06/21 13:12:02.141: [app] INFO: File Logging: '/open5gs/install/var/log/open5gs/pcf.log' (../lib/app/ogs-init.c:129)
06/21 13:12:02.146: [metrics] INFO: metrics_server() [http://10.22.0.27]:9091 (../lib/metrics/prometheus/context.c:299)
06/21 13:12:02.148: [dbi] INFO: MongoDB URI: 'mongodb://10.22.0.2/open5gs' (../lib/dbi/ogs-mongoc.c:130)
06/21 13:12:02.148: [sbi] INFO: NF Service [npcf-am-policy-control] (../lib/sbi/context.c:1438)
06/21 13:12:02.148: [sbi] INFO: NF Service [npcf-smpolicycontrol] (../lib/sbi/context.c:1438)
06/21 13:12:02.148: [sbi] INFO: NF Service [npcf-policyauthorization] (../lib/sbi/context.c:1438)
06/21 13:12:02.148: [sbi] INFO: nghttp2_server() [http://10.22.0.27]:7777 (../lib/sbi/nghttp2-server.c:395)
06/21 13:12:02.149: [app] INFO: PCF initialize...done (../src/pcf/app.c:31)
06/21 13:12:02.152: [sbi] INFO: [89b22888-0ffa-41ee-8bb8-75e8bd7abf77] NF registered [Heartbeat:10s] (../lib/sbi/nf-sm.c:214)
06/21 13:12:02.153: [sbi] INFO: [89b333c2-0ffa-41ee-ae07-bd705b1c2915] Subscription created until 2023-06-22T13:12:02.152795+07:00 [duration:86400,validity:86399.999162,patch:43199.999581] (../lib/sbi/nnrf-handler.c:509)
06/21 13:12:02.153: [sbi] INFO: [89b345b0-0ffa-41ee-ae07-bd705b1c2915] Subscription created until 2023-06-22T13:12:02.153218+07:00 [duration:86400,validity:86399.999423,patch:43199.999711] (../lib/sbi/nnrf-handler.c:509)
06/21 13:12:02.205: [sbi] INFO: [89ba478e-0ffa-41ee-a355-8b47be5287cc] (NRF-notify) NF registered (../lib/sbi/nnrf-handler.c:725)
06/21 13:12:02.206: [sbi] INFO: [89ba478e-0ffa-41ee-a355-8b47be5287cc] (NRF-notify) NF Profile updated (../lib/sbi/nnrf-handler.c:735)
06/21 13:12:02.377: [sbi] INFO: [89d4cda2-0ffa-41ee-bc39-3f7613e2d137] (NRF-notify) NF registered (../lib/sbi/nnrf-handler.c:725)
06/21 13:12:02.377: [sbi] INFO: [89d4cda2-0ffa-41ee-bc39-3f7613e2d137] (NRF-notify) NF Profile updated (../lib/sbi/nnrf-handler.c:735)
