Open5GS daemon v2.6.4-22-g93bcd7f

06/21 12:58:18.441: [app] INFO: Configuration: '/open5gs/install/etc/open5gs/scp.yaml' (../lib/app/ogs-init.c:126)
06/21 12:58:18.442: [app] INFO: File Logging: '/open5gs/install/var/log/open5gs/scp.log' (../lib/app/ogs-init.c:129)
06/21 12:58:18.448: [sbi] INFO: nghttp2_server() [http://10.22.0.35]:7777 (../lib/sbi/nghttp2-server.c:395)
06/21 12:58:18.449: [app] INFO: SCP initialize...done (../src/scp/app.c:31)
06/21 12:58:18.451: [sbi] INFO: [9ebbda1e-0ff8-41ee-a588-215c34bd62b0] NF registered [Heartbeat:10s] (../lib/sbi/nf-sm.c:214)
06/21 12:58:18.452: [sbi] INFO: [9ebc6aba-0ff8-41ee-9ae2-4597cb43d23a] Subscription created until 2023-06-22T12:58:18.451858+07:00 [duration:86400,validity:86399.999210,patch:43199.999605] (../lib/sbi/nnrf-handler.c:509)
06/21 12:58:18.453: [sbi] INFO: [9ebc76e0-0ff8-41ee-9ae2-4597cb43d23a] Subscription created until 2023-06-22T12:58:18.452155+07:00 [duration:86400,validity:86399.998603,patch:43199.999301] (../lib/sbi/nnrf-handler.c:509)
06/21 12:58:18.453: [sbi] INFO: [9ebc7a3c-0ff8-41ee-9ae2-4597cb43d23a] Subscription created until 2023-06-22T12:58:18.452236+07:00 [duration:86400,validity:86399.998514,patch:43199.999257] (../lib/sbi/nnrf-handler.c:509)
06/21 12:58:18.453: [sbi] INFO: [9ebc87de-0ff8-41ee-9ae2-4597cb43d23a] Subscription created until 2023-06-22T12:58:18.452590+07:00 [duration:86400,validity:86399.998725,patch:43199.999362] (../lib/sbi/nnrf-handler.c:509)
06/21 12:58:18.453: [sbi] INFO: [9ebc8c3e-0ff8-41ee-9ae2-4597cb43d23a] Subscription created until 2023-06-22T12:58:18.452699+07:00 [duration:86400,validity:86399.998721,patch:43199.999360] (../lib/sbi/nnrf-handler.c:509)
06/21 12:58:18.454: [sbi] INFO: [9ebc90a8-0ff8-41ee-9ae2-4597cb43d23a] Subscription created until 2023-06-22T12:58:18.452810+07:00 [duration:86400,validity:86399.998623,patch:43199.999311] (../lib/sbi/nnrf-handler.c:509)
06/21 12:58:18.454: [sbi] INFO: [9ebca0b6-0ff8-41ee-9ae2-4597cb43d23a] Subscription created until 2023-06-22T12:58:18.453226+07:00 [duration:86400,validity:86399.998891,patch:43199.999445] (../lib/sbi/nnrf-handler.c:509)
06/21 12:58:18.454: [sbi] INFO: [9ebca48a-0ff8-41ee-9ae2-4597cb43d23a] Subscription created until 2023-06-22T12:58:18.453318+07:00 [duration:86400,validity:86399.998759,patch:43199.999379] (../lib/sbi/nnrf-handler.c:509)
06/21 12:58:18.898: [sbi] INFO: [9f0022f0-0ff8-41ee-8503-6d2568f70e67] (NRF-notify) NF registered (../lib/sbi/nnrf-handler.c:725)
06/21 12:58:18.898: [sbi] INFO: [9f0022f0-0ff8-41ee-8503-6d2568f70e67] (NRF-notify) NF Profile updated (../lib/sbi/nnrf-handler.c:735)
06/21 12:58:19.693: [sbi] INFO: [9f791656-0ff8-41ee-a44e-91444355cee3] (NRF-notify) NF registered (../lib/sbi/nnrf-handler.c:725)
06/21 12:58:19.693: [sbi] INFO: [9f791656-0ff8-41ee-a44e-91444355cee3] (NRF-notify) NF Profile updated (../lib/sbi/nnrf-handler.c:735)
06/21 12:58:19.788: [sbi] INFO: [9f87da7e-0ff8-41ee-86d9-a70ab63dff50] (NRF-notify) NF registered (../lib/sbi/nnrf-handler.c:725)
06/21 12:58:19.788: [sbi] INFO: [9f87da7e-0ff8-41ee-86d9-a70ab63dff50] (NRF-notify) NF Profile updated (../lib/sbi/nnrf-handler.c:735)
06/21 12:58:20.156: [sbi] INFO: [9fbf4afe-0ff8-41ee-bc3a-c58779969b3e] (NRF-notify) NF registered (../lib/sbi/nnrf-handler.c:725)
06/21 12:58:20.156: [sbi] INFO: [9fbf4afe-0ff8-41ee-bc3a-c58779969b3e] (NRF-notify) NF Profile updated (../lib/sbi/nnrf-handler.c:735)
06/21 12:58:29.602: [sbi] INFO: [a561597a-0ff8-41ee-be89-d714db343795] (NRF-notify) NF registered (../lib/sbi/nnrf-handler.c:725)
06/21 12:58:29.602: [sbi] INFO: [a561597a-0ff8-41ee-be89-d714db343795] (NRF-notify) NF Profile updated (../lib/sbi/nnrf-handler.c:735)
06/21 12:58:29.797: [sbi] INFO: [a57f0d44-0ff8-41ee-82dd-0f71816f794d] (NRF-notify) NF registered (../lib/sbi/nnrf-handler.c:725)
06/21 12:58:29.797: [sbi] INFO: [a57f0d44-0ff8-41ee-82dd-0f71816f794d] (NRF-notify) NF Profile updated (../lib/sbi/nnrf-handler.c:735)
06/21 12:58:29.858: [sbi] INFO: [a588412a-0ff8-41ee-ba8a-dd4d62ae5355] (NRF-notify) NF registered (../lib/sbi/nnrf-handler.c:725)
06/21 12:58:29.858: [sbi] INFO: [a588412a-0ff8-41ee-ba8a-dd4d62ae5355] (NRF-notify) NF Profile updated (../lib/sbi/nnrf-handler.c:735)
06/21 13:10:51.418: [sbi] INFO: [9f87da7e-0ff8-41ee-86d9-a70ab63dff50:1] NF removed (../lib/sbi/nnrf-handler.c:750)
06/21 13:11:21.275: [sbi] INFO: [9fbf4afe-0ff8-41ee-bc3a-c58779969b3e:1] NF removed (../lib/sbi/nnrf-handler.c:750)
06/21 13:11:30.598: [sbi] INFO: [9f0022f0-0ff8-41ee-8503-6d2568f70e67:1] NF removed (../lib/sbi/nnrf-handler.c:750)
06/21 13:11:31.048: [sbi] INFO: [a588412a-0ff8-41ee-ba8a-dd4d62ae5355:1] NF removed (../lib/sbi/nnrf-handler.c:750)
06/21 13:11:31.220: [sbi] INFO: [a561597a-0ff8-41ee-be89-d714db343795:1] NF removed (../lib/sbi/nnrf-handler.c:750)
06/21 13:11:31.362: [sbi] INFO: [9f791656-0ff8-41ee-a44e-91444355cee3:1] NF removed (../lib/sbi/nnrf-handler.c:750)
06/21 13:11:31.455: [sbi] INFO: [a57f0d44-0ff8-41ee-82dd-0f71816f794d:1] NF removed (../lib/sbi/nnrf-handler.c:750)
Open5GS daemon v2.6.4-22-g93bcd7f

06/21 13:11:51.211: [app] INFO: Configuration: '/open5gs/install/etc/open5gs/scp.yaml' (../lib/app/ogs-init.c:126)
06/21 13:11:51.211: [app] INFO: File Logging: '/open5gs/install/var/log/open5gs/scp.log' (../lib/app/ogs-init.c:129)
06/21 13:11:51.219: [sbi] INFO: nghttp2_server() [http://10.22.0.35]:7777 (../lib/sbi/nghttp2-server.c:395)
06/21 13:11:51.219: [sbi] WARNING: [7] Failed to connect to 10.22.0.12 port 7777: Connection refused (../lib/sbi/client.c:626)
06/21 13:11:51.219: [sbi] WARNING: ogs_sbi_client_handler() failed [-1] (../lib/sbi/path.c:59)
06/21 13:11:51.232: [app] INFO: SCP initialize...done (../src/scp/app.c:31)
06/21 13:12:02.220: [sbi] WARNING: [832eacd4-0ffa-41ee-a01c-63e4c7f8f8e4] Retry to registration with NRF (../lib/sbi/nf-sm.c:175)
06/21 13:12:02.221: [sbi] INFO: [832eacd4-0ffa-41ee-a01c-63e4c7f8f8e4] NF registered [Heartbeat:10s] (../lib/sbi/nf-sm.c:214)
06/21 13:12:02.224: [sbi] INFO: [89bdd796-0ffa-41ee-ae07-bd705b1c2915] Subscription created until 2023-06-22T13:12:02.222496+07:00 [duration:86400,validity:86399.998414,patch:43199.999207] (../lib/sbi/nnrf-handler.c:509)
06/21 13:12:02.225: [sbi] INFO: [89bde74a-0ffa-41ee-ae07-bd705b1c2915] Subscription created until 2023-06-22T13:12:02.222893+07:00 [duration:86400,validity:86399.997651,patch:43199.998825] (../lib/sbi/nnrf-handler.c:509)
06/21 13:12:02.225: [sbi] INFO: [89bdeed4-0ffa-41ee-ae07-bd705b1c2915] Subscription created until 2023-06-22T13:12:02.223091+07:00 [duration:86400,validity:86399.997669,patch:43199.998834] (../lib/sbi/nnrf-handler.c:509)
06/21 13:12:02.225: [sbi] INFO: [89bdf672-0ffa-41ee-ae07-bd705b1c2915] Subscription created until 2023-06-22T13:12:02.223279+07:00 [duration:86400,validity:86399.997753,patch:43199.998876] (../lib/sbi/nnrf-handler.c:509)
06/21 13:12:02.225: [sbi] INFO: [89bdfe88-0ffa-41ee-ae07-bd705b1c2915] Subscription created until 2023-06-22T13:12:02.223485+07:00 [duration:86400,validity:86399.997863,patch:43199.998931] (../lib/sbi/nnrf-handler.c:509)
06/21 13:12:02.225: [sbi] INFO: [89be11a2-0ffa-41ee-ae07-bd705b1c2915] Subscription created until 2023-06-22T13:12:02.223975+07:00 [duration:86400,validity:86399.998059,patch:43199.999029] (../lib/sbi/nnrf-handler.c:509)
06/21 13:12:02.226: [sbi] INFO: [89be1a30-0ffa-41ee-ae07-bd705b1c2915] Subscription created until 2023-06-22T13:12:02.224194+07:00 [duration:86400,validity:86399.997946,patch:43199.998973] (../lib/sbi/nnrf-handler.c:509)
06/21 13:12:02.226: [sbi] INFO: [89be2016-0ffa-41ee-ae07-bd705b1c2915] Subscription created until 2023-06-22T13:12:02.224344+07:00 [duration:86400,validity:86399.997886,patch:43199.998943] (../lib/sbi/nnrf-handler.c:509)
06/21 13:12:02.377: [sbi] INFO: [89d4cda2-0ffa-41ee-bc39-3f7613e2d137] (NRF-notify) NF registered (../lib/sbi/nnrf-handler.c:725)
06/21 13:12:02.377: [sbi] INFO: [89d4cda2-0ffa-41ee-bc39-3f7613e2d137] (NRF-notify) NF Profile updated (../lib/sbi/nnrf-handler.c:735)
Open5GS daemon v2.6.4-22-g93bcd7f

06/21 22:15:50.448: [app] INFO: Configuration: '/open5gs/install/etc/open5gs/scp.yaml' (../lib/app/ogs-init.c:126)
06/21 22:15:50.448: [app] INFO: File Logging: '/open5gs/install/var/log/open5gs/scp.log' (../lib/app/ogs-init.c:129)
06/21 22:15:50.452: [sbi] INFO: nghttp2_server() [http://10.22.0.35]:7777 (../lib/sbi/nghttp2-server.c:395)
06/21 22:15:50.453: [app] INFO: SCP initialize...done (../src/scp/app.c:31)
06/21 22:15:51.487: [sbi] INFO: [81ae96de-1046-41ee-8c42-7b3e1630875e] NF registered [Heartbeat:10s] (../lib/sbi/nf-sm.c:214)
06/21 22:15:51.489: [sbi] INFO: [824ca8c4-1046-41ee-b8c4-711092107d2e] Subscription created until 2023-06-22T22:15:51.488142+07:00 [duration:86400,validity:86399.998193,patch:43199.999096] (../lib/sbi/nnrf-handler.c:509)
06/21 22:15:51.492: [sbi] INFO: [824cb4fe-1046-41ee-b8c4-711092107d2e] Subscription created until 2023-06-22T22:15:51.488446+07:00 [duration:86400,validity:86399.995526,patch:43199.997763] (../lib/sbi/nnrf-handler.c:509)
06/21 22:15:51.493: [sbi] INFO: [824cb986-1046-41ee-b8c4-711092107d2e] Subscription created until 2023-06-22T22:15:51.488559+07:00 [duration:86400,validity:86399.995515,patch:43199.997757] (../lib/sbi/nnrf-handler.c:509)
06/21 22:15:51.493: [sbi] INFO: [824cbcc4-1046-41ee-b8c4-711092107d2e] Subscription created until 2023-06-22T22:15:51.488642+07:00 [duration:86400,validity:86399.995567,patch:43199.997783] (../lib/sbi/nnrf-handler.c:509)
06/21 22:15:51.493: [sbi] INFO: [824cf07c-1046-41ee-b8c4-711092107d2e] Subscription created until 2023-06-22T22:15:51.489971+07:00 [duration:86400,validity:86399.996767,patch:43199.998383] (../lib/sbi/nnrf-handler.c:509)
06/21 22:15:51.493: [sbi] INFO: [824cf46e-1046-41ee-b8c4-711092107d2e] Subscription created until 2023-06-22T22:15:51.490065+07:00 [duration:86400,validity:86399.996817,patch:43199.998408] (../lib/sbi/nnrf-handler.c:509)
06/21 22:15:51.493: [sbi] INFO: [824cf964-1046-41ee-b8c4-711092107d2e] Subscription created until 2023-06-22T22:15:51.490192+07:00 [duration:86400,validity:86399.996866,patch:43199.998433] (../lib/sbi/nnrf-handler.c:509)
06/21 22:15:51.493: [sbi] INFO: [824cfe5a-1046-41ee-b8c4-711092107d2e] Subscription created until 2023-06-22T22:15:51.490319+07:00 [duration:86400,validity:86399.996935,patch:43199.998467] (../lib/sbi/nnrf-handler.c:509)
06/21 22:15:51.531: [sbi] INFO: [825268d6-1046-41ee-9a5a-2b9b8caa2abc] (NRF-notify) NF registered (../lib/sbi/nnrf-handler.c:725)
06/21 22:15:51.532: [sbi] INFO: [825268d6-1046-41ee-9a5a-2b9b8caa2abc] (NRF-notify) NF Profile updated (../lib/sbi/nnrf-handler.c:735)
06/21 22:15:52.289: [sbi] INFO: [82c604b2-1046-41ee-b698-d1cee254c7a8] (NRF-notify) NF registered (../lib/sbi/nnrf-handler.c:725)
06/21 22:15:52.289: [sbi] INFO: [82c604b2-1046-41ee-b698-d1cee254c7a8] (NRF-notify) NF Profile updated (../lib/sbi/nnrf-handler.c:735)
06/21 22:15:53.249: [sbi] INFO: [834a508c-1046-41ee-bbbc-f926bd257299] (NRF-notify) NF registered (../lib/sbi/nnrf-handler.c:725)
06/21 22:15:53.249: [sbi] INFO: [834a508c-1046-41ee-bbbc-f926bd257299] (NRF-notify) NF Profile updated (../lib/sbi/nnrf-handler.c:735)
06/21 22:16:01.534: [sbi] INFO: [8848df40-1046-41ee-9966-0d7dceac406c] (NRF-notify) NF registered (../lib/sbi/nnrf-handler.c:725)
06/21 22:16:01.534: [sbi] INFO: [8848df40-1046-41ee-9966-0d7dceac406c] (NRF-notify) NF Profile updated (../lib/sbi/nnrf-handler.c:735)
06/21 22:16:01.965: [sbi] INFO: [888af0ba-1046-41ee-9d0c-9d075955f1e5] (NRF-notify) NF registered (../lib/sbi/nnrf-handler.c:725)
06/21 22:16:01.965: [sbi] INFO: [888af0ba-1046-41ee-9d0c-9d075955f1e5] (NRF-notify) NF Profile updated (../lib/sbi/nnrf-handler.c:735)
06/21 22:16:01.994: [sbi] INFO: [888f0b46-1046-41ee-8cc3-c7d16ef404bc] (NRF-notify) NF registered (../lib/sbi/nnrf-handler.c:725)
06/21 22:16:01.994: [sbi] INFO: [888f0b46-1046-41ee-8cc3-c7d16ef404bc] (NRF-notify) NF Profile updated (../lib/sbi/nnrf-handler.c:735)
06/21 22:29:23.193: [sbi] INFO: [825268d6-1046-41ee-9a5a-2b9b8caa2abc:1] NF removed (../lib/sbi/nnrf-handler.c:750)
06/21 22:29:54.597: [sbi] INFO: [834a508c-1046-41ee-bbbc-f926bd257299:1] NF removed (../lib/sbi/nnrf-handler.c:750)
06/21 22:30:03.429: [sbi] INFO: [82c604b2-1046-41ee-b698-d1cee254c7a8:1] NF removed (../lib/sbi/nnrf-handler.c:750)
06/21 22:30:12.871: [sbi] INFO: [8848df40-1046-41ee-9966-0d7dceac406c:1] NF removed (../lib/sbi/nnrf-handler.c:750)
06/21 22:30:13.149: [sbi] WARNING: [8218e0e8-1046-41ee-a340-4b589f60a0ed] (NRF-notify) Not found (../lib/sbi/nnrf-handler.c:756)
06/21 22:30:13.275: [sbi] WARNING: [820603f6-1046-41ee-a63b-830ca0539a02] (NRF-notify) Not found (../lib/sbi/nnrf-handler.c:756)
06/21 22:30:13.700: [sbi] INFO: [888af0ba-1046-41ee-9d0c-9d075955f1e5:1] NF removed (../lib/sbi/nnrf-handler.c:750)
06/21 22:30:13.737: [sbi] INFO: [888f0b46-1046-41ee-8cc3-c7d16ef404bc:1] NF removed (../lib/sbi/nnrf-handler.c:750)
Open5GS daemon v2.6.4-22-g93bcd7f

06/21 23:14:27.394: [app] INFO: Configuration: '/open5gs/install/etc/open5gs/scp.yaml' (../lib/app/ogs-init.c:126)
06/21 23:14:27.394: [app] INFO: File Logging: '/open5gs/install/var/log/open5gs/scp.log' (../lib/app/ogs-init.c:129)
06/21 23:14:27.400: [sbi] INFO: nghttp2_server() [http://10.22.0.35]:7777 (../lib/sbi/nghttp2-server.c:395)
06/21 23:14:27.401: [app] INFO: SCP initialize...done (../src/scp/app.c:31)
06/21 23:14:27.402: [sbi] INFO: [b1f22fce-104e-41ee-98b0-d55de6c16a87] NF registered [Heartbeat:10s] (../lib/sbi/nf-sm.c:214)
06/21 23:14:27.406: [sbi] INFO: [b1f2e306-104e-41ee-a8ad-afe6b2424a5c] Subscription created until 2023-06-22T23:14:27.404295+07:00 [duration:86400,validity:86399.997779,patch:43199.998889] (../lib/sbi/nnrf-handler.c:509)
06/21 23:14:27.406: [sbi] INFO: [b1f2ea9a-104e-41ee-a8ad-afe6b2424a5c] Subscription created until 2023-06-22T23:14:27.404465+07:00 [duration:86400,validity:86399.997777,patch:43199.998888] (../lib/sbi/nnrf-handler.c:509)
06/21 23:14:27.406: [sbi] INFO: [b1f2ee64-104e-41ee-a8ad-afe6b2424a5c] Subscription created until 2023-06-22T23:14:27.404560+07:00 [duration:86400,validity:86399.997832,patch:43199.998916] (../lib/sbi/nnrf-handler.c:509)
06/21 23:14:27.406: [sbi] INFO: [b1f2f1a2-104e-41ee-a8ad-afe6b2424a5c] Subscription created until 2023-06-22T23:14:27.404644+07:00 [duration:86400,validity:86399.997812,patch:43199.998906] (../lib/sbi/nnrf-handler.c:509)
06/21 23:14:27.406: [sbi] INFO: [b1f2f788-104e-41ee-a8ad-afe6b2424a5c] Subscription created until 2023-06-22T23:14:27.404795+07:00 [duration:86400,validity:86399.997931,patch:43199.998965] (../lib/sbi/nnrf-handler.c:509)
06/21 23:14:27.406: [sbi] INFO: [b1f2fbac-104e-41ee-a8ad-afe6b2424a5c] Subscription created until 2023-06-22T23:14:27.404899+07:00 [duration:86400,validity:86399.997985,patch:43199.998992] (../lib/sbi/nnrf-handler.c:509)
06/21 23:14:27.406: [sbi] INFO: [b1f2ff6c-104e-41ee-a8ad-afe6b2424a5c] Subscription created until 2023-06-22T23:14:27.404996+07:00 [duration:86400,validity:86399.998021,patch:43199.999010] (../lib/sbi/nnrf-handler.c:509)
06/21 23:14:27.407: [sbi] INFO: [b1f302d2-104e-41ee-a8ad-afe6b2424a5c] Subscription created until 2023-06-22T23:14:27.405081+07:00 [duration:86400,validity:86399.998043,patch:43199.999021] (../lib/sbi/nnrf-handler.c:509)
06/21 23:14:28.058: [sbi] INFO: [b255f40a-104e-41ee-8ec3-638f91ecbf87] (NRF-notify) NF registered (../lib/sbi/nnrf-handler.c:725)
06/21 23:14:28.058: [sbi] INFO: [b255f40a-104e-41ee-8ec3-638f91ecbf87] (NRF-notify) NF Profile updated (../lib/sbi/nnrf-handler.c:735)
06/21 23:14:28.138: [sbi] INFO: [b2625a2e-104e-41ee-b0b5-11f2af86d4b1] (NRF-notify) NF registered (../lib/sbi/nnrf-handler.c:725)
06/21 23:14:28.138: [sbi] INFO: [b2625a2e-104e-41ee-b0b5-11f2af86d4b1] (NRF-notify) NF Profile updated (../lib/sbi/nnrf-handler.c:735)
06/21 23:14:28.282: [sbi] INFO: [b2789b9a-104e-41ee-82d5-99d34247cd75] (NRF-notify) NF registered (../lib/sbi/nnrf-handler.c:725)
06/21 23:14:28.283: [sbi] INFO: [b2789b9a-104e-41ee-82d5-99d34247cd75] (NRF-notify) NF Profile updated (../lib/sbi/nnrf-handler.c:735)
06/21 23:14:28.526: [sbi] INFO: [b29d05ca-104e-41ee-bcdb-11ce2d69f4fe] (NRF-notify) NF registered (../lib/sbi/nnrf-handler.c:725)
06/21 23:14:28.526: [sbi] INFO: [b29d05ca-104e-41ee-bcdb-11ce2d69f4fe] (NRF-notify) NF Profile updated (../lib/sbi/nnrf-handler.c:735)
06/21 23:14:29.420: [sbi] INFO: [b30fb96c-104e-41ee-a1e2-cbecd4d40b39] (NRF-notify) NF registered (../lib/sbi/nnrf-handler.c:725)
06/21 23:14:29.420: [sbi] INFO: [b30fb96c-104e-41ee-a1e2-cbecd4d40b39] (NRF-notify) NF Profile updated (../lib/sbi/nnrf-handler.c:735)
06/21 23:14:31.970: [scp] ERROR: [/] No User-Agent (../src/scp/sbi-path.c:221)
06/21 23:14:31.970: [sbi] WARNING: server callback error (../lib/sbi/nghttp2-server.c:1115)
06/21 23:14:31.970: [sbi] WARNING: nghttp2_session_get_stream_remote_close() failed (../lib/sbi/nghttp2-server.c:530)
06/21 23:14:33.892: [scp] ERROR: [/] No User-Agent (../src/scp/sbi-path.c:221)
06/21 23:14:33.892: [sbi] WARNING: server callback error (../lib/sbi/nghttp2-server.c:1115)
06/21 23:14:33.892: [sbi] WARNING: nghttp2_session_get_stream_remote_close() failed (../lib/sbi/nghttp2-server.c:530)
06/21 23:14:37.925: [sbi] INFO: [b8378a14-104e-41ee-bcc0-5dbd89dc3ec4] (NRF-notify) NF registered (../lib/sbi/nnrf-handler.c:725)
06/21 23:14:37.925: [sbi] INFO: [b8378a14-104e-41ee-bcc0-5dbd89dc3ec4] (NRF-notify) NF Profile updated (../lib/sbi/nnrf-handler.c:735)
06/21 23:14:38.040: [sbi] INFO: [b8495f6e-104e-41ee-b7ef-45f022dd0153] (NRF-notify) NF registered (../lib/sbi/nnrf-handler.c:725)
06/21 23:14:38.040: [sbi] INFO: [b8495f6e-104e-41ee-b7ef-45f022dd0153] (NRF-notify) NF Profile updated (../lib/sbi/nnrf-handler.c:735)
06/21 23:14:38.223: [sbi] INFO: [b865398c-104e-41ee-bee7-352bad70af4f] (NRF-notify) NF registered (../lib/sbi/nnrf-handler.c:725)
06/21 23:14:38.223: [sbi] INFO: [b865398c-104e-41ee-bee7-352bad70af4f] (NRF-notify) NF Profile updated (../lib/sbi/nnrf-handler.c:735)
06/21 23:14:41.383: [scp] ERROR: [/] No User-Agent (../src/scp/sbi-path.c:221)
06/21 23:14:41.383: [sbi] WARNING: server callback error (../lib/sbi/nghttp2-server.c:1115)
06/21 23:14:41.383: [sbi] WARNING: nghttp2_session_get_stream_remote_close() failed (../lib/sbi/nghttp2-server.c:530)
06/21 23:14:45.085: [scp] ERROR: [/] No User-Agent (../src/scp/sbi-path.c:221)
06/21 23:14:45.085: [sbi] WARNING: server callback error (../lib/sbi/nghttp2-server.c:1115)
06/21 23:14:45.085: [sbi] WARNING: nghttp2_session_get_stream_remote_close() failed (../lib/sbi/nghttp2-server.c:530)
06/21 23:14:58.168: [scp] ERROR: [/nnrf-nfm/v1/nf-instances] No User-Agent (../src/scp/sbi-path.c:221)
06/21 23:14:58.168: [sbi] WARNING: server callback error (../lib/sbi/nghttp2-server.c:1115)
06/21 23:14:58.168: [sbi] WARNING: nghttp2_session_get_stream_remote_close() failed (../lib/sbi/nghttp2-server.c:530)
06/21 23:15:05.758: [scp] ERROR: [/nnrf-nfm/v1/nf-instance] No User-Agent (../src/scp/sbi-path.c:221)
06/21 23:15:05.758: [sbi] WARNING: server callback error (../lib/sbi/nghttp2-server.c:1115)
06/21 23:15:05.758: [sbi] WARNING: nghttp2_session_get_stream_remote_close() failed (../lib/sbi/nghttp2-server.c:530)
06/21 23:15:07.023: [scp] ERROR: [/nnrf-nfm/v1/nf-instances] No User-Agent (../src/scp/sbi-path.c:221)
06/21 23:15:07.024: [sbi] WARNING: server callback error (../lib/sbi/nghttp2-server.c:1115)
06/21 23:15:07.024: [sbi] WARNING: nghttp2_session_get_stream_remote_close() failed (../lib/sbi/nghttp2-server.c:530)
